<?xml version="1.0" encoding="UTF-8"?>
<!-- Generated by org.testng.reporters.JUnitXMLReporter -->
<testsuite ignored="1" hostname="CISPL-IO-990.local" failures="0" tests="1" name="Default test" time="15.861" errors="0" timestamp="2024-09-29T11:10:53 IST">
  <testcase classname="com.ui.tests.LeavePageTest" name="testUserApplyLeaveFromUi" time="2.171"/>
  <testcase classname="com.ui.tests.LeavePageTest" name="testUserNavigateToLeavePage" time="0.0">
    <ignored/>
  </testcase> <!-- testUserNavigateToLeavePage -->
</testsuite> <!-- Default test -->
