<?xml version="1.0" encoding="UTF-8"?>
<testng-results ignored="0" total="1" passed="1" failed="0" skipped="0">
  <reporter-output>
  </reporter-output>
  <suite started-at="2024-09-22T10:30:32 IST" name="Default suite" finished-at="2024-09-22T10:30:42 IST" duration-ms="10030">
    <groups>
    </groups>
    <test started-at="2024-09-22T10:30:32 IST" name="Default test" finished-at="2024-09-22T10:30:42 IST" duration-ms="10030">
      <class name="com.ui.tests.LoginPageTest">
        <test-method is-config="true" signature="setUp(java.lang.String)[pri:0, instance:com.ui.tests.LoginPageTest@57c758ac]" started-at="2024-09-22T10:30:32 IST" name="setUp" finished-at="2024-09-22T10:30:33 IST" duration-ms="1586" status="PASS">
          <params>
            <param index="0">
              <value>
                <![CDATA[chrome]]>
              </value>
            </param>
          </params>
          <reporter-output>
          </reporter-output>
        </test-method> <!-- setUp -->
        <test-method signature="testLoginByUi()[pri:0, instance:com.ui.tests.LoginPageTest@57c758ac]" started-at="2024-09-22T10:30:33 IST" name="testLoginByUi" description="Test user can login using credentials and redirects dashboard page" finished-at="2024-09-22T10:30:39 IST" duration-ms="5292" status="PASS">
          <reporter-output>
          </reporter-output>
        </test-method> <!-- testLoginByUi -->
        <test-method is-config="true" signature="tearDown()[pri:0, instance:com.ui.tests.LoginPageTest@57c758ac]" started-at="2024-09-22T10:30:39 IST" name="tearDown" finished-at="2024-09-22T10:30:42 IST" duration-ms="3137" status="PASS">
          <reporter-output>
          </reporter-output>
        </test-method> <!-- tearDown -->
      </class> <!-- com.ui.tests.LoginPageTest -->
    </test> <!-- Default test -->
  </suite> <!-- Default suite -->
</testng-results>
