<?xml version="1.0" encoding="UTF-8"?>
<testng-results ignored="0" total="1" passed="1" failed="0" skipped="0">
  <reporter-output>
  </reporter-output>
  <suite started-at="2024-09-29T11:10:37 IST" name="Default suite" finished-at="2024-09-29T11:10:53 IST" duration-ms="15861">
    <groups>
    </groups>
    <test started-at="2024-09-29T11:10:37 IST" name="Default test" finished-at="2024-09-29T11:10:53 IST" duration-ms="15861">
      <class name="com.ui.tests.LeavePageTest">
        <test-method is-config="true" signature="setUp(java.lang.String,java.lang.String)[pri:0, instance:com.ui.tests.LeavePageTest@1ddf84b8]" started-at="2024-09-29T11:10:37 IST" name="setUp" finished-at="2024-09-29T11:10:38 IST" duration-ms="1398" status="PASS">
          <params>
            <param index="0">
              <value>
                <![CDATA[chrome]]>
              </value>
            </param>
            <param index="1">
              <value>
                <![CDATA[qa]]>
              </value>
            </param>
          </params>
          <reporter-output>
          </reporter-output>
        </test-method> <!-- setUp -->
        <test-method is-config="true" signature="goToLeavePage()[pri:0, instance:com.ui.tests.LeavePageTest@1ddf84b8]" started-at="2024-09-29T11:10:38 IST" name="goToLeavePage" finished-at="2024-09-29T11:10:47 IST" duration-ms="9063" status="PASS">
          <reporter-output>
          </reporter-output>
        </test-method> <!-- goToLeavePage -->
        <test-method signature="testUserApplyLeaveFromUi()[pri:0, instance:com.ui.tests.LeavePageTest@1ddf84b8]" started-at="2024-09-29T11:10:47 IST" name="testUserApplyLeaveFromUi" description="Test user can apply leave from ui" finished-at="2024-09-29T11:10:50 IST" duration-ms="2171" status="PASS">
          <reporter-output>
          </reporter-output>
        </test-method> <!-- testUserApplyLeaveFromUi -->
        <test-method is-config="true" signature="tearDown()[pri:0, instance:com.ui.tests.LeavePageTest@1ddf84b8]" started-at="2024-09-29T11:10:50 IST" name="tearDown" finished-at="2024-09-29T11:10:53 IST" duration-ms="3124" status="PASS">
          <reporter-output>
          </reporter-output>
        </test-method> <!-- tearDown -->
      </class> <!-- com.ui.tests.LeavePageTest -->
    </test> <!-- Default test -->
  </suite> <!-- Default suite -->
</testng-results>
